{
  "stats": {
    "suites": 8,
    "tests": 40,
    "passes": 40,
    "pending": 0,
    "failures": 0,
    "start": "2023-02-28T12:39:48.386Z",
    "end": "2023-02-28T12:39:48.425Z",
    "duration": 39
  },
  "tests": [
    {
      "title": "Test Preference criterion",
      "fullTitle": "Test MOSA Test Preference criterion",
      "file": "/Users/dimitrist/Documents/git/syntest/syntest-core/libraries/core/test/search/metaheuristics/MOSA.test.ts",
      "duration": 1,
      "currentRetry": 0,
      "speed": "fast",
      "err": {}
    },
    {
      "title": "Test Non Dominated front",
      "fullTitle": "Test MOSA Test Non Dominated front",
      "file": "/Users/dimitrist/Documents/git/syntest/syntest-core/libraries/core/test/search/metaheuristics/MOSA.test.ts",
      "duration": 1,
      "currentRetry": 0,
      "speed": "fast",
      "err": {}
    },
    {
      "title": "Test Preference Sorting",
      "fullTitle": "Test MOSA Test Preference Sorting",
      "file": "/Users/dimitrist/Documents/git/syntest/syntest-core/libraries/core/test/search/metaheuristics/MOSA.test.ts",
      "duration": 1,
      "currentRetry": 0,
      "speed": "fast",
      "err": {}
    },
    {
      "title": "Environmental Selection",
      "fullTitle": "Test MOSA Environmental Selection",
      "file": "/Users/dimitrist/Documents/git/syntest/syntest-core/libraries/core/test/search/metaheuristics/MOSA.test.ts",
      "duration": 2,
      "currentRetry": 0,
      "speed": "fast",
      "err": {}
    },
    {
      "title": "1 branch",
      "fullTitle": "CFG ancestors search 1 branch",
      "file": "/Users/dimitrist/Documents/git/syntest/syntest-core/libraries/core/test/search/objective/ApproachLevel.test.ts",
      "duration": 1,
      "currentRetry": 0,
      "speed": "fast",
      "err": {}
    },
    {
      "title": "CFG1 Target G, Path went to F",
      "fullTitle": "CFG ancestors search CFG1 Target G, Path went to F",
      "file": "/Users/dimitrist/Documents/git/syntest/syntest-core/libraries/core/test/search/objective/ApproachLevel.test.ts",
      "duration": 0,
      "currentRetry": 0,
      "speed": "fast",
      "err": {}
    },
    {
      "title": "CFG1 Target G, Path went to E",
      "fullTitle": "CFG ancestors search CFG1 Target G, Path went to E",
      "file": "/Users/dimitrist/Documents/git/syntest/syntest-core/libraries/core/test/search/objective/ApproachLevel.test.ts",
      "duration": 0,
      "currentRetry": 0,
      "speed": "fast",
      "err": {}
    },
    {
      "title": "CFG1 Target G, Path went to E and looped",
      "fullTitle": "CFG ancestors search CFG1 Target G, Path went to E and looped",
      "file": "/Users/dimitrist/Documents/git/syntest/syntest-core/libraries/core/test/search/objective/ApproachLevel.test.ts",
      "duration": 0,
      "currentRetry": 0,
      "speed": "fast",
      "err": {}
    },
    {
      "title": "CFG1 Target E, Path went to B",
      "fullTitle": "CFG ancestors search CFG1 Target E, Path went to B",
      "file": "/Users/dimitrist/Documents/git/syntest/syntest-core/libraries/core/test/search/objective/ApproachLevel.test.ts",
      "duration": 1,
      "currentRetry": 0,
      "speed": "fast",
      "err": {}
    },
    {
      "title": "CFG1 Target F, Path went to B",
      "fullTitle": "CFG ancestors search CFG1 Target F, Path went to B",
      "file": "/Users/dimitrist/Documents/git/syntest/syntest-core/libraries/core/test/search/objective/ApproachLevel.test.ts",
      "duration": 0,
      "currentRetry": 0,
      "speed": "fast",
      "err": {}
    },
    {
      "title": "CFG2 Target E, Path went to S through H",
      "fullTitle": "CFG ancestors search CFG2 Target E, Path went to S through H",
      "file": "/Users/dimitrist/Documents/git/syntest/syntest-core/libraries/core/test/search/objective/ApproachLevel.test.ts",
      "duration": 0,
      "currentRetry": 0,
      "speed": "fast",
      "err": {}
    },
    {
      "title": "CFG2 Target I, Path went to S through H",
      "fullTitle": "CFG ancestors search CFG2 Target I, Path went to S through H",
      "file": "/Users/dimitrist/Documents/git/syntest/syntest-core/libraries/core/test/search/objective/ApproachLevel.test.ts",
      "duration": 0,
      "currentRetry": 0,
      "speed": "fast",
      "err": {}
    },
    {
      "title": "CFG2 Target M, Path went to S through H",
      "fullTitle": "CFG ancestors search CFG2 Target M, Path went to S through H",
      "file": "/Users/dimitrist/Documents/git/syntest/syntest-core/libraries/core/test/search/objective/ApproachLevel.test.ts",
      "duration": 0,
      "currentRetry": 0,
      "speed": "fast",
      "err": {}
    },
    {
      "title": "CFG2 Target N, Path went to S through H",
      "fullTitle": "CFG ancestors search CFG2 Target N, Path went to S through H",
      "file": "/Users/dimitrist/Documents/git/syntest/syntest-core/libraries/core/test/search/objective/ApproachLevel.test.ts",
      "duration": 0,
      "currentRetry": 0,
      "speed": "fast",
      "err": {}
    },
    {
      "title": "CFG2 Target R, Path went to S through H and Q",
      "fullTitle": "CFG ancestors search CFG2 Target R, Path went to S through H and Q",
      "file": "/Users/dimitrist/Documents/git/syntest/syntest-core/libraries/core/test/search/objective/ApproachLevel.test.ts",
      "duration": 0,
      "currentRetry": 0,
      "speed": "fast",
      "err": {}
    },
    {
      "title": "CFG2 Target R, Path went to E and B",
      "fullTitle": "CFG ancestors search CFG2 Target R, Path went to E and B",
      "file": "/Users/dimitrist/Documents/git/syntest/syntest-core/libraries/core/test/search/objective/ApproachLevel.test.ts",
      "duration": 0,
      "currentRetry": 0,
      "speed": "fast",
      "err": {}
    },
    {
      "title": "CFG2 Target S, Path went to E and B",
      "fullTitle": "CFG ancestors search CFG2 Target S, Path went to E and B",
      "file": "/Users/dimitrist/Documents/git/syntest/syntest-core/libraries/core/test/search/objective/ApproachLevel.test.ts",
      "duration": 0,
      "currentRetry": 0,
      "speed": "fast",
      "err": {}
    },
    {
      "title": "CFG2 Target S, Path went to B immidiately",
      "fullTitle": "CFG ancestors search CFG2 Target S, Path went to B immidiately",
      "file": "/Users/dimitrist/Documents/git/syntest/syntest-core/libraries/core/test/search/objective/ApproachLevel.test.ts",
      "duration": 0,
      "currentRetry": 0,
      "speed": "fast",
      "err": {}
    },
    {
      "title": "CFG3 Target S, Path went to B immidiately",
      "fullTitle": "CFG ancestors search CFG3 Target S, Path went to B immidiately",
      "file": "/Users/dimitrist/Documents/git/syntest/syntest-core/libraries/core/test/search/objective/ApproachLevel.test.ts",
      "duration": 0,
      "currentRetry": 0,
      "speed": "fast",
      "err": {}
    },
    {
      "title": "CFG3 Target R, Path went through E",
      "fullTitle": "CFG ancestors search CFG3 Target R, Path went through E",
      "file": "/Users/dimitrist/Documents/git/syntest/syntest-core/libraries/core/test/search/objective/ApproachLevel.test.ts",
      "duration": 0,
      "currentRetry": 0,
      "speed": "fast",
      "err": {}
    },
    {
      "title": "Equality",
      "fullTitle": "Branch distance Equality",
      "file": "/Users/dimitrist/Documents/git/syntest/syntest-core/libraries/core/test/search/objective/BranchDistance.test.ts",
      "duration": 0,
      "currentRetry": 0,
      "speed": "fast",
      "err": {}
    },
    {
      "title": "Lower Than",
      "fullTitle": "Branch distance Lower Than",
      "file": "/Users/dimitrist/Documents/git/syntest/syntest-core/libraries/core/test/search/objective/BranchDistance.test.ts",
      "duration": 0,
      "currentRetry": 0,
      "speed": "fast",
      "err": {}
    },
    {
      "title": "Greater Than",
      "fullTitle": "Branch distance Greater Than",
      "file": "/Users/dimitrist/Documents/git/syntest/syntest-core/libraries/core/test/search/objective/BranchDistance.test.ts",
      "duration": 0,
      "currentRetry": 0,
      "speed": "fast",
      "err": {}
    },
    {
      "title": "Signed Lower Than",
      "fullTitle": "Branch distance Signed Lower Than",
      "file": "/Users/dimitrist/Documents/git/syntest/syntest-core/libraries/core/test/search/objective/BranchDistance.test.ts",
      "duration": 0,
      "currentRetry": 0,
      "speed": "fast",
      "err": {}
    },
    {
      "title": "Signed Greater Than",
      "fullTitle": "Branch distance Signed Greater Than",
      "file": "/Users/dimitrist/Documents/git/syntest/syntest-core/libraries/core/test/search/objective/BranchDistance.test.ts",
      "duration": 0,
      "currentRetry": 0,
      "speed": "fast",
      "err": {}
    },
    {
      "title": "Not Equal",
      "fullTitle": "Branch distance Not Equal",
      "file": "/Users/dimitrist/Documents/git/syntest/syntest-core/libraries/core/test/search/objective/BranchDistance.test.ts",
      "duration": 0,
      "currentRetry": 0,
      "speed": "fast",
      "err": {}
    },
    {
      "title": "empty front",
      "fullTitle": "Crowding distance empty front",
      "file": "/Users/dimitrist/Documents/git/syntest/syntest-core/libraries/core/test/search/operators/CrowdingDistance.test.ts",
      "duration": 0,
      "currentRetry": 0,
      "speed": "fast",
      "err": {}
    },
    {
      "title": "front with one solution",
      "fullTitle": "Crowding distance front with one solution",
      "file": "/Users/dimitrist/Documents/git/syntest/syntest-core/libraries/core/test/search/operators/CrowdingDistance.test.ts",
      "duration": 0,
      "currentRetry": 0,
      "speed": "fast",
      "err": {}
    },
    {
      "title": "front with two solutions",
      "fullTitle": "Crowding distance front with two solutions",
      "file": "/Users/dimitrist/Documents/git/syntest/syntest-core/libraries/core/test/search/operators/CrowdingDistance.test.ts",
      "duration": 0,
      "currentRetry": 0,
      "speed": "fast",
      "err": {}
    },
    {
      "title": "Front with more than two solutions",
      "fullTitle": "Crowding distance Front with more than two solutions",
      "file": "/Users/dimitrist/Documents/git/syntest/syntest-core/libraries/core/test/search/operators/CrowdingDistance.test.ts",
      "duration": 0,
      "currentRetry": 0,
      "speed": "fast",
      "err": {}
    },
    {
      "title": "Corner case with same obj values for all individual",
      "fullTitle": "Crowding distance Corner case with same obj values for all individual",
      "file": "/Users/dimitrist/Documents/git/syntest/syntest-core/libraries/core/test/search/operators/CrowdingDistance.test.ts",
      "duration": 0,
      "currentRetry": 0,
      "speed": "fast",
      "err": {}
    },
    {
      "title": "Fist individual dominates",
      "fullTitle": "Dominance comparator Fist individual dominates",
      "file": "/Users/dimitrist/Documents/git/syntest/syntest-core/libraries/core/test/search/operators/DominanceComparator.test.ts",
      "duration": 0,
      "currentRetry": 0,
      "speed": "fast",
      "err": {}
    },
    {
      "title": "Second individual dominates",
      "fullTitle": "Dominance comparator Second individual dominates",
      "file": "/Users/dimitrist/Documents/git/syntest/syntest-core/libraries/core/test/search/operators/DominanceComparator.test.ts",
      "duration": 0,
      "currentRetry": 0,
      "speed": "fast",
      "err": {}
    },
    {
      "title": "None dominates with two objectives",
      "fullTitle": "Dominance comparator None dominates with two objectives",
      "file": "/Users/dimitrist/Documents/git/syntest/syntest-core/libraries/core/test/search/operators/DominanceComparator.test.ts",
      "duration": 0,
      "currentRetry": 0,
      "speed": "fast",
      "err": {}
    },
    {
      "title": "None dominates with three objective",
      "fullTitle": "Dominance comparator None dominates with three objective",
      "file": "/Users/dimitrist/Documents/git/syntest/syntest-core/libraries/core/test/search/operators/DominanceComparator.test.ts",
      "duration": 0,
      "currentRetry": 0,
      "speed": "fast",
      "err": {}
    },
    {
      "title": "Sort three solutions",
      "fullTitle": "Fast non-dominated sorting Sort three solutions",
      "file": "/Users/dimitrist/Documents/git/syntest/syntest-core/libraries/core/test/search/operators/FasNonDomSorting.test.ts",
      "duration": 1,
      "currentRetry": 0,
      "speed": "fast",
      "err": {}
    },
    {
      "title": "Small Tournament size",
      "fullTitle": "Tournament selection Small Tournament size",
      "file": "/Users/dimitrist/Documents/git/syntest/syntest-core/libraries/core/test/search/operators/TournamentSelection.test.ts",
      "duration": 0,
      "currentRetry": 0,
      "speed": "fast",
      "err": {}
    },
    {
      "title": "Comparison by rank",
      "fullTitle": "Tournament selection Comparison by rank",
      "file": "/Users/dimitrist/Documents/git/syntest/syntest-core/libraries/core/test/search/operators/TournamentSelection.test.ts",
      "duration": 0,
      "currentRetry": 0,
      "speed": "fast",
      "err": {}
    },
    {
      "title": "Comparison by crowding distance",
      "fullTitle": "Tournament selection Comparison by crowding distance",
      "file": "/Users/dimitrist/Documents/git/syntest/syntest-core/libraries/core/test/search/operators/TournamentSelection.test.ts",
      "duration": 0,
      "currentRetry": 0,
      "speed": "fast",
      "err": {}
    },
    {
      "title": "Gaussian random variables follow a gaussian distribution",
      "fullTitle": "PRNG Gaussian random variables follow a gaussian distribution",
      "file": "/Users/dimitrist/Documents/git/syntest/syntest-core/libraries/core/test/util/prng.test.ts",
      "duration": 21,
      "currentRetry": 0,
      "speed": "fast",
      "err": {}
    }
  ],
  "pending": [],
  "failures": [],
  "passes": [
    {
      "title": "Test Preference criterion",
      "fullTitle": "Test MOSA Test Preference criterion",
      "file": "/Users/dimitrist/Documents/git/syntest/syntest-core/libraries/core/test/search/metaheuristics/MOSA.test.ts",
      "duration": 1,
      "currentRetry": 0,
      "speed": "fast",
      "err": {}
    },
    {
      "title": "Test Non Dominated front",
      "fullTitle": "Test MOSA Test Non Dominated front",
      "file": "/Users/dimitrist/Documents/git/syntest/syntest-core/libraries/core/test/search/metaheuristics/MOSA.test.ts",
      "duration": 1,
      "currentRetry": 0,
      "speed": "fast",
      "err": {}
    },
    {
      "title": "Test Preference Sorting",
      "fullTitle": "Test MOSA Test Preference Sorting",
      "file": "/Users/dimitrist/Documents/git/syntest/syntest-core/libraries/core/test/search/metaheuristics/MOSA.test.ts",
      "duration": 1,
      "currentRetry": 0,
      "speed": "fast",
      "err": {}
    },
    {
      "title": "Environmental Selection",
      "fullTitle": "Test MOSA Environmental Selection",
      "file": "/Users/dimitrist/Documents/git/syntest/syntest-core/libraries/core/test/search/metaheuristics/MOSA.test.ts",
      "duration": 2,
      "currentRetry": 0,
      "speed": "fast",
      "err": {}
    },
    {
      "title": "1 branch",
      "fullTitle": "CFG ancestors search 1 branch",
      "file": "/Users/dimitrist/Documents/git/syntest/syntest-core/libraries/core/test/search/objective/ApproachLevel.test.ts",
      "duration": 1,
      "currentRetry": 0,
      "speed": "fast",
      "err": {}
    },
    {
      "title": "CFG1 Target G, Path went to F",
      "fullTitle": "CFG ancestors search CFG1 Target G, Path went to F",
      "file": "/Users/dimitrist/Documents/git/syntest/syntest-core/libraries/core/test/search/objective/ApproachLevel.test.ts",
      "duration": 0,
      "currentRetry": 0,
      "speed": "fast",
      "err": {}
    },
    {
      "title": "CFG1 Target G, Path went to E",
      "fullTitle": "CFG ancestors search CFG1 Target G, Path went to E",
      "file": "/Users/dimitrist/Documents/git/syntest/syntest-core/libraries/core/test/search/objective/ApproachLevel.test.ts",
      "duration": 0,
      "currentRetry": 0,
      "speed": "fast",
      "err": {}
    },
    {
      "title": "CFG1 Target G, Path went to E and looped",
      "fullTitle": "CFG ancestors search CFG1 Target G, Path went to E and looped",
      "file": "/Users/dimitrist/Documents/git/syntest/syntest-core/libraries/core/test/search/objective/ApproachLevel.test.ts",
      "duration": 0,
      "currentRetry": 0,
      "speed": "fast",
      "err": {}
    },
    {
      "title": "CFG1 Target E, Path went to B",
      "fullTitle": "CFG ancestors search CFG1 Target E, Path went to B",
      "file": "/Users/dimitrist/Documents/git/syntest/syntest-core/libraries/core/test/search/objective/ApproachLevel.test.ts",
      "duration": 1,
      "currentRetry": 0,
      "speed": "fast",
      "err": {}
    },
    {
      "title": "CFG1 Target F, Path went to B",
      "fullTitle": "CFG ancestors search CFG1 Target F, Path went to B",
      "file": "/Users/dimitrist/Documents/git/syntest/syntest-core/libraries/core/test/search/objective/ApproachLevel.test.ts",
      "duration": 0,
      "currentRetry": 0,
      "speed": "fast",
      "err": {}
    },
    {
      "title": "CFG2 Target E, Path went to S through H",
      "fullTitle": "CFG ancestors search CFG2 Target E, Path went to S through H",
      "file": "/Users/dimitrist/Documents/git/syntest/syntest-core/libraries/core/test/search/objective/ApproachLevel.test.ts",
      "duration": 0,
      "currentRetry": 0,
      "speed": "fast",
      "err": {}
    },
    {
      "title": "CFG2 Target I, Path went to S through H",
      "fullTitle": "CFG ancestors search CFG2 Target I, Path went to S through H",
      "file": "/Users/dimitrist/Documents/git/syntest/syntest-core/libraries/core/test/search/objective/ApproachLevel.test.ts",
      "duration": 0,
      "currentRetry": 0,
      "speed": "fast",
      "err": {}
    },
    {
      "title": "CFG2 Target M, Path went to S through H",
      "fullTitle": "CFG ancestors search CFG2 Target M, Path went to S through H",
      "file": "/Users/dimitrist/Documents/git/syntest/syntest-core/libraries/core/test/search/objective/ApproachLevel.test.ts",
      "duration": 0,
      "currentRetry": 0,
      "speed": "fast",
      "err": {}
    },
    {
      "title": "CFG2 Target N, Path went to S through H",
      "fullTitle": "CFG ancestors search CFG2 Target N, Path went to S through H",
      "file": "/Users/dimitrist/Documents/git/syntest/syntest-core/libraries/core/test/search/objective/ApproachLevel.test.ts",
      "duration": 0,
      "currentRetry": 0,
      "speed": "fast",
      "err": {}
    },
    {
      "title": "CFG2 Target R, Path went to S through H and Q",
      "fullTitle": "CFG ancestors search CFG2 Target R, Path went to S through H and Q",
      "file": "/Users/dimitrist/Documents/git/syntest/syntest-core/libraries/core/test/search/objective/ApproachLevel.test.ts",
      "duration": 0,
      "currentRetry": 0,
      "speed": "fast",
      "err": {}
    },
    {
      "title": "CFG2 Target R, Path went to E and B",
      "fullTitle": "CFG ancestors search CFG2 Target R, Path went to E and B",
      "file": "/Users/dimitrist/Documents/git/syntest/syntest-core/libraries/core/test/search/objective/ApproachLevel.test.ts",
      "duration": 0,
      "currentRetry": 0,
      "speed": "fast",
      "err": {}
    },
    {
      "title": "CFG2 Target S, Path went to E and B",
      "fullTitle": "CFG ancestors search CFG2 Target S, Path went to E and B",
      "file": "/Users/dimitrist/Documents/git/syntest/syntest-core/libraries/core/test/search/objective/ApproachLevel.test.ts",
      "duration": 0,
      "currentRetry": 0,
      "speed": "fast",
      "err": {}
    },
    {
      "title": "CFG2 Target S, Path went to B immidiately",
      "fullTitle": "CFG ancestors search CFG2 Target S, Path went to B immidiately",
      "file": "/Users/dimitrist/Documents/git/syntest/syntest-core/libraries/core/test/search/objective/ApproachLevel.test.ts",
      "duration": 0,
      "currentRetry": 0,
      "speed": "fast",
      "err": {}
    },
    {
      "title": "CFG3 Target S, Path went to B immidiately",
      "fullTitle": "CFG ancestors search CFG3 Target S, Path went to B immidiately",
      "file": "/Users/dimitrist/Documents/git/syntest/syntest-core/libraries/core/test/search/objective/ApproachLevel.test.ts",
      "duration": 0,
      "currentRetry": 0,
      "speed": "fast",
      "err": {}
    },
    {
      "title": "CFG3 Target R, Path went through E",
      "fullTitle": "CFG ancestors search CFG3 Target R, Path went through E",
      "file": "/Users/dimitrist/Documents/git/syntest/syntest-core/libraries/core/test/search/objective/ApproachLevel.test.ts",
      "duration": 0,
      "currentRetry": 0,
      "speed": "fast",
      "err": {}
    },
    {
      "title": "Equality",
      "fullTitle": "Branch distance Equality",
      "file": "/Users/dimitrist/Documents/git/syntest/syntest-core/libraries/core/test/search/objective/BranchDistance.test.ts",
      "duration": 0,
      "currentRetry": 0,
      "speed": "fast",
      "err": {}
    },
    {
      "title": "Lower Than",
      "fullTitle": "Branch distance Lower Than",
      "file": "/Users/dimitrist/Documents/git/syntest/syntest-core/libraries/core/test/search/objective/BranchDistance.test.ts",
      "duration": 0,
      "currentRetry": 0,
      "speed": "fast",
      "err": {}
    },
    {
      "title": "Greater Than",
      "fullTitle": "Branch distance Greater Than",
      "file": "/Users/dimitrist/Documents/git/syntest/syntest-core/libraries/core/test/search/objective/BranchDistance.test.ts",
      "duration": 0,
      "currentRetry": 0,
      "speed": "fast",
      "err": {}
    },
    {
      "title": "Signed Lower Than",
      "fullTitle": "Branch distance Signed Lower Than",
      "file": "/Users/dimitrist/Documents/git/syntest/syntest-core/libraries/core/test/search/objective/BranchDistance.test.ts",
      "duration": 0,
      "currentRetry": 0,
      "speed": "fast",
      "err": {}
    },
    {
      "title": "Signed Greater Than",
      "fullTitle": "Branch distance Signed Greater Than",
      "file": "/Users/dimitrist/Documents/git/syntest/syntest-core/libraries/core/test/search/objective/BranchDistance.test.ts",
      "duration": 0,
      "currentRetry": 0,
      "speed": "fast",
      "err": {}
    },
    {
      "title": "Not Equal",
      "fullTitle": "Branch distance Not Equal",
      "file": "/Users/dimitrist/Documents/git/syntest/syntest-core/libraries/core/test/search/objective/BranchDistance.test.ts",
      "duration": 0,
      "currentRetry": 0,
      "speed": "fast",
      "err": {}
    },
    {
      "title": "empty front",
      "fullTitle": "Crowding distance empty front",
      "file": "/Users/dimitrist/Documents/git/syntest/syntest-core/libraries/core/test/search/operators/CrowdingDistance.test.ts",
      "duration": 0,
      "currentRetry": 0,
      "speed": "fast",
      "err": {}
    },
    {
      "title": "front with one solution",
      "fullTitle": "Crowding distance front with one solution",
      "file": "/Users/dimitrist/Documents/git/syntest/syntest-core/libraries/core/test/search/operators/CrowdingDistance.test.ts",
      "duration": 0,
      "currentRetry": 0,
      "speed": "fast",
      "err": {}
    },
    {
      "title": "front with two solutions",
      "fullTitle": "Crowding distance front with two solutions",
      "file": "/Users/dimitrist/Documents/git/syntest/syntest-core/libraries/core/test/search/operators/CrowdingDistance.test.ts",
      "duration": 0,
      "currentRetry": 0,
      "speed": "fast",
      "err": {}
    },
    {
      "title": "Front with more than two solutions",
      "fullTitle": "Crowding distance Front with more than two solutions",
      "file": "/Users/dimitrist/Documents/git/syntest/syntest-core/libraries/core/test/search/operators/CrowdingDistance.test.ts",
      "duration": 0,
      "currentRetry": 0,
      "speed": "fast",
      "err": {}
    },
    {
      "title": "Corner case with same obj values for all individual",
      "fullTitle": "Crowding distance Corner case with same obj values for all individual",
      "file": "/Users/dimitrist/Documents/git/syntest/syntest-core/libraries/core/test/search/operators/CrowdingDistance.test.ts",
      "duration": 0,
      "currentRetry": 0,
      "speed": "fast",
      "err": {}
    },
    {
      "title": "Fist individual dominates",
      "fullTitle": "Dominance comparator Fist individual dominates",
      "file": "/Users/dimitrist/Documents/git/syntest/syntest-core/libraries/core/test/search/operators/DominanceComparator.test.ts",
      "duration": 0,
      "currentRetry": 0,
      "speed": "fast",
      "err": {}
    },
    {
      "title": "Second individual dominates",
      "fullTitle": "Dominance comparator Second individual dominates",
      "file": "/Users/dimitrist/Documents/git/syntest/syntest-core/libraries/core/test/search/operators/DominanceComparator.test.ts",
      "duration": 0,
      "currentRetry": 0,
      "speed": "fast",
      "err": {}
    },
    {
      "title": "None dominates with two objectives",
      "fullTitle": "Dominance comparator None dominates with two objectives",
      "file": "/Users/dimitrist/Documents/git/syntest/syntest-core/libraries/core/test/search/operators/DominanceComparator.test.ts",
      "duration": 0,
      "currentRetry": 0,
      "speed": "fast",
      "err": {}
    },
    {
      "title": "None dominates with three objective",
      "fullTitle": "Dominance comparator None dominates with three objective",
      "file": "/Users/dimitrist/Documents/git/syntest/syntest-core/libraries/core/test/search/operators/DominanceComparator.test.ts",
      "duration": 0,
      "currentRetry": 0,
      "speed": "fast",
      "err": {}
    },
    {
      "title": "Sort three solutions",
      "fullTitle": "Fast non-dominated sorting Sort three solutions",
      "file": "/Users/dimitrist/Documents/git/syntest/syntest-core/libraries/core/test/search/operators/FasNonDomSorting.test.ts",
      "duration": 1,
      "currentRetry": 0,
      "speed": "fast",
      "err": {}
    },
    {
      "title": "Small Tournament size",
      "fullTitle": "Tournament selection Small Tournament size",
      "file": "/Users/dimitrist/Documents/git/syntest/syntest-core/libraries/core/test/search/operators/TournamentSelection.test.ts",
      "duration": 0,
      "currentRetry": 0,
      "speed": "fast",
      "err": {}
    },
    {
      "title": "Comparison by rank",
      "fullTitle": "Tournament selection Comparison by rank",
      "file": "/Users/dimitrist/Documents/git/syntest/syntest-core/libraries/core/test/search/operators/TournamentSelection.test.ts",
      "duration": 0,
      "currentRetry": 0,
      "speed": "fast",
      "err": {}
    },
    {
      "title": "Comparison by crowding distance",
      "fullTitle": "Tournament selection Comparison by crowding distance",
      "file": "/Users/dimitrist/Documents/git/syntest/syntest-core/libraries/core/test/search/operators/TournamentSelection.test.ts",
      "duration": 0,
      "currentRetry": 0,
      "speed": "fast",
      "err": {}
    },
    {
      "title": "Gaussian random variables follow a gaussian distribution",
      "fullTitle": "PRNG Gaussian random variables follow a gaussian distribution",
      "file": "/Users/dimitrist/Documents/git/syntest/syntest-core/libraries/core/test/util/prng.test.ts",
      "duration": 21,
      "currentRetry": 0,
      "speed": "fast",
      "err": {}
    }
  ]
}
