{
  "stats": {
    "suites": 1,
    "tests": 1,
    "passes": 1,
    "pending": 0,
    "failures": 0,
    "start": "2023-02-28T12:39:44.634Z",
    "end": "2023-02-28T12:39:44.638Z",
    "duration": 4
  },
  "tests": [
    {
      "title": "getRootNodes works properly",
      "fullTitle": "CFG suite getRootNodes works properly",
      "file": "/Users/dimitrist/Documents/git/syntest/syntest-core/libraries/cfg-core/test/CFG.test.ts",
      "duration": 1,
      "currentRetry": 0,
      "speed": "fast",
      "err": {}
    }
  ],
  "pending": [],
  "failures": [],
  "passes": [
    {
      "title": "getRootNodes works properly",
      "fullTitle": "CFG suite getRootNodes works properly",
      "file": "/Users/dimitrist/Documents/git/syntest/syntest-core/libraries/cfg-core/test/CFG.test.ts",
      "duration": 1,
      "currentRetry": 0,
      "speed": "fast",
      "err": {}
    }
  ]
}
