{
  "stats": {
    "suites": 7,
    "tests": 24,
    "passes": 24,
    "pending": 0,
    "failures": 0,
    "start": "2023-02-16T14:18:09.597Z",
    "end": "2023-02-16T14:18:09.636Z",
    "duration": 39
  },
  "tests": [
    {
      "title": "Test Preference criterion",
      "fullTitle": "Test MOSA Test Preference criterion",
      "file": "/Users/dimitrist/Documents/git/syntest-core/packages/core/test/search/metaheuristics/MOSA.test.ts",
      "duration": 2,
      "currentRetry": 0,
      "speed": "fast",
      "err": {}
    },
    {
      "title": "Test Non Dominated front",
      "fullTitle": "Test MOSA Test Non Dominated front",
      "file": "/Users/dimitrist/Documents/git/syntest-core/packages/core/test/search/metaheuristics/MOSA.test.ts",
      "duration": 1,
      "currentRetry": 0,
      "speed": "fast",
      "err": {}
    },
    {
      "title": "Test Preference Sorting",
      "fullTitle": "Test MOSA Test Preference Sorting",
      "file": "/Users/dimitrist/Documents/git/syntest-core/packages/core/test/search/metaheuristics/MOSA.test.ts",
      "duration": 1,
      "currentRetry": 0,
      "speed": "fast",
      "err": {}
    },
    {
      "title": "Environmental Selection",
      "fullTitle": "Test MOSA Environmental Selection",
      "file": "/Users/dimitrist/Documents/git/syntest-core/packages/core/test/search/metaheuristics/MOSA.test.ts",
      "duration": 1,
      "currentRetry": 0,
      "speed": "fast",
      "err": {}
    },
    {
      "title": "Equality",
      "fullTitle": "Branch distance Equality",
      "file": "/Users/dimitrist/Documents/git/syntest-core/packages/core/test/search/objective/BranchDistance.test.ts",
      "duration": 0,
      "currentRetry": 0,
      "speed": "fast",
      "err": {}
    },
    {
      "title": "Lower Than",
      "fullTitle": "Branch distance Lower Than",
      "file": "/Users/dimitrist/Documents/git/syntest-core/packages/core/test/search/objective/BranchDistance.test.ts",
      "duration": 0,
      "currentRetry": 0,
      "speed": "fast",
      "err": {}
    },
    {
      "title": "Greater Than",
      "fullTitle": "Branch distance Greater Than",
      "file": "/Users/dimitrist/Documents/git/syntest-core/packages/core/test/search/objective/BranchDistance.test.ts",
      "duration": 0,
      "currentRetry": 0,
      "speed": "fast",
      "err": {}
    },
    {
      "title": "Signed Lower Than",
      "fullTitle": "Branch distance Signed Lower Than",
      "file": "/Users/dimitrist/Documents/git/syntest-core/packages/core/test/search/objective/BranchDistance.test.ts",
      "duration": 0,
      "currentRetry": 0,
      "speed": "fast",
      "err": {}
    },
    {
      "title": "Signed Greater Than",
      "fullTitle": "Branch distance Signed Greater Than",
      "file": "/Users/dimitrist/Documents/git/syntest-core/packages/core/test/search/objective/BranchDistance.test.ts",
      "duration": 0,
      "currentRetry": 0,
      "speed": "fast",
      "err": {}
    },
    {
      "title": "Not Equal",
      "fullTitle": "Branch distance Not Equal",
      "file": "/Users/dimitrist/Documents/git/syntest-core/packages/core/test/search/objective/BranchDistance.test.ts",
      "duration": 0,
      "currentRetry": 0,
      "speed": "fast",
      "err": {}
    },
    {
      "title": "empty front",
      "fullTitle": "Crowding distance empty front",
      "file": "/Users/dimitrist/Documents/git/syntest-core/packages/core/test/search/operators/CrowdingDistance.test.ts",
      "duration": 0,
      "currentRetry": 0,
      "speed": "fast",
      "err": {}
    },
    {
      "title": "front with one solution",
      "fullTitle": "Crowding distance front with one solution",
      "file": "/Users/dimitrist/Documents/git/syntest-core/packages/core/test/search/operators/CrowdingDistance.test.ts",
      "duration": 0,
      "currentRetry": 0,
      "speed": "fast",
      "err": {}
    },
    {
      "title": "front with two solutions",
      "fullTitle": "Crowding distance front with two solutions",
      "file": "/Users/dimitrist/Documents/git/syntest-core/packages/core/test/search/operators/CrowdingDistance.test.ts",
      "duration": 0,
      "currentRetry": 0,
      "speed": "fast",
      "err": {}
    },
    {
      "title": "Front with more than two solutions",
      "fullTitle": "Crowding distance Front with more than two solutions",
      "file": "/Users/dimitrist/Documents/git/syntest-core/packages/core/test/search/operators/CrowdingDistance.test.ts",
      "duration": 1,
      "currentRetry": 0,
      "speed": "fast",
      "err": {}
    },
    {
      "title": "Corner case with same obj values for all individual",
      "fullTitle": "Crowding distance Corner case with same obj values for all individual",
      "file": "/Users/dimitrist/Documents/git/syntest-core/packages/core/test/search/operators/CrowdingDistance.test.ts",
      "duration": 0,
      "currentRetry": 0,
      "speed": "fast",
      "err": {}
    },
    {
      "title": "Fist individual dominates",
      "fullTitle": "Dominance comparator Fist individual dominates",
      "file": "/Users/dimitrist/Documents/git/syntest-core/packages/core/test/search/operators/DominanceComparator.test.ts",
      "duration": 1,
      "currentRetry": 0,
      "speed": "fast",
      "err": {}
    },
    {
      "title": "Second individual dominates",
      "fullTitle": "Dominance comparator Second individual dominates",
      "file": "/Users/dimitrist/Documents/git/syntest-core/packages/core/test/search/operators/DominanceComparator.test.ts",
      "duration": 0,
      "currentRetry": 0,
      "speed": "fast",
      "err": {}
    },
    {
      "title": "None dominates with two objectives",
      "fullTitle": "Dominance comparator None dominates with two objectives",
      "file": "/Users/dimitrist/Documents/git/syntest-core/packages/core/test/search/operators/DominanceComparator.test.ts",
      "duration": 0,
      "currentRetry": 0,
      "speed": "fast",
      "err": {}
    },
    {
      "title": "None dominates with three objective",
      "fullTitle": "Dominance comparator None dominates with three objective",
      "file": "/Users/dimitrist/Documents/git/syntest-core/packages/core/test/search/operators/DominanceComparator.test.ts",
      "duration": 0,
      "currentRetry": 0,
      "speed": "fast",
      "err": {}
    },
    {
      "title": "Sort three solutions",
      "fullTitle": "Fast non-dominated sorting Sort three solutions",
      "file": "/Users/dimitrist/Documents/git/syntest-core/packages/core/test/search/operators/FasNonDomSorting.test.ts",
      "duration": 0,
      "currentRetry": 0,
      "speed": "fast",
      "err": {}
    },
    {
      "title": "Small Tournament size",
      "fullTitle": "Tournament selection Small Tournament size",
      "file": "/Users/dimitrist/Documents/git/syntest-core/packages/core/test/search/operators/TournamentSelection.test.ts",
      "duration": 0,
      "currentRetry": 0,
      "speed": "fast",
      "err": {}
    },
    {
      "title": "Comparison by rank",
      "fullTitle": "Tournament selection Comparison by rank",
      "file": "/Users/dimitrist/Documents/git/syntest-core/packages/core/test/search/operators/TournamentSelection.test.ts",
      "duration": 1,
      "currentRetry": 0,
      "speed": "fast",
      "err": {}
    },
    {
      "title": "Comparison by crowding distance",
      "fullTitle": "Tournament selection Comparison by crowding distance",
      "file": "/Users/dimitrist/Documents/git/syntest-core/packages/core/test/search/operators/TournamentSelection.test.ts",
      "duration": 0,
      "currentRetry": 0,
      "speed": "fast",
      "err": {}
    },
    {
      "title": "Gaussian random variables follow a gaussian distribution",
      "fullTitle": "PRNG Gaussian random variables follow a gaussian distribution",
      "file": "/Users/dimitrist/Documents/git/syntest-core/packages/core/test/util/prng.test.ts",
      "duration": 24,
      "currentRetry": 0,
      "speed": "fast",
      "err": {}
    }
  ],
  "pending": [],
  "failures": [],
  "passes": [
    {
      "title": "Test Preference criterion",
      "fullTitle": "Test MOSA Test Preference criterion",
      "file": "/Users/dimitrist/Documents/git/syntest-core/packages/core/test/search/metaheuristics/MOSA.test.ts",
      "duration": 2,
      "currentRetry": 0,
      "speed": "fast",
      "err": {}
    },
    {
      "title": "Test Non Dominated front",
      "fullTitle": "Test MOSA Test Non Dominated front",
      "file": "/Users/dimitrist/Documents/git/syntest-core/packages/core/test/search/metaheuristics/MOSA.test.ts",
      "duration": 1,
      "currentRetry": 0,
      "speed": "fast",
      "err": {}
    },
    {
      "title": "Test Preference Sorting",
      "fullTitle": "Test MOSA Test Preference Sorting",
      "file": "/Users/dimitrist/Documents/git/syntest-core/packages/core/test/search/metaheuristics/MOSA.test.ts",
      "duration": 1,
      "currentRetry": 0,
      "speed": "fast",
      "err": {}
    },
    {
      "title": "Environmental Selection",
      "fullTitle": "Test MOSA Environmental Selection",
      "file": "/Users/dimitrist/Documents/git/syntest-core/packages/core/test/search/metaheuristics/MOSA.test.ts",
      "duration": 1,
      "currentRetry": 0,
      "speed": "fast",
      "err": {}
    },
    {
      "title": "Equality",
      "fullTitle": "Branch distance Equality",
      "file": "/Users/dimitrist/Documents/git/syntest-core/packages/core/test/search/objective/BranchDistance.test.ts",
      "duration": 0,
      "currentRetry": 0,
      "speed": "fast",
      "err": {}
    },
    {
      "title": "Lower Than",
      "fullTitle": "Branch distance Lower Than",
      "file": "/Users/dimitrist/Documents/git/syntest-core/packages/core/test/search/objective/BranchDistance.test.ts",
      "duration": 0,
      "currentRetry": 0,
      "speed": "fast",
      "err": {}
    },
    {
      "title": "Greater Than",
      "fullTitle": "Branch distance Greater Than",
      "file": "/Users/dimitrist/Documents/git/syntest-core/packages/core/test/search/objective/BranchDistance.test.ts",
      "duration": 0,
      "currentRetry": 0,
      "speed": "fast",
      "err": {}
    },
    {
      "title": "Signed Lower Than",
      "fullTitle": "Branch distance Signed Lower Than",
      "file": "/Users/dimitrist/Documents/git/syntest-core/packages/core/test/search/objective/BranchDistance.test.ts",
      "duration": 0,
      "currentRetry": 0,
      "speed": "fast",
      "err": {}
    },
    {
      "title": "Signed Greater Than",
      "fullTitle": "Branch distance Signed Greater Than",
      "file": "/Users/dimitrist/Documents/git/syntest-core/packages/core/test/search/objective/BranchDistance.test.ts",
      "duration": 0,
      "currentRetry": 0,
      "speed": "fast",
      "err": {}
    },
    {
      "title": "Not Equal",
      "fullTitle": "Branch distance Not Equal",
      "file": "/Users/dimitrist/Documents/git/syntest-core/packages/core/test/search/objective/BranchDistance.test.ts",
      "duration": 0,
      "currentRetry": 0,
      "speed": "fast",
      "err": {}
    },
    {
      "title": "empty front",
      "fullTitle": "Crowding distance empty front",
      "file": "/Users/dimitrist/Documents/git/syntest-core/packages/core/test/search/operators/CrowdingDistance.test.ts",
      "duration": 0,
      "currentRetry": 0,
      "speed": "fast",
      "err": {}
    },
    {
      "title": "front with one solution",
      "fullTitle": "Crowding distance front with one solution",
      "file": "/Users/dimitrist/Documents/git/syntest-core/packages/core/test/search/operators/CrowdingDistance.test.ts",
      "duration": 0,
      "currentRetry": 0,
      "speed": "fast",
      "err": {}
    },
    {
      "title": "front with two solutions",
      "fullTitle": "Crowding distance front with two solutions",
      "file": "/Users/dimitrist/Documents/git/syntest-core/packages/core/test/search/operators/CrowdingDistance.test.ts",
      "duration": 0,
      "currentRetry": 0,
      "speed": "fast",
      "err": {}
    },
    {
      "title": "Front with more than two solutions",
      "fullTitle": "Crowding distance Front with more than two solutions",
      "file": "/Users/dimitrist/Documents/git/syntest-core/packages/core/test/search/operators/CrowdingDistance.test.ts",
      "duration": 1,
      "currentRetry": 0,
      "speed": "fast",
      "err": {}
    },
    {
      "title": "Corner case with same obj values for all individual",
      "fullTitle": "Crowding distance Corner case with same obj values for all individual",
      "file": "/Users/dimitrist/Documents/git/syntest-core/packages/core/test/search/operators/CrowdingDistance.test.ts",
      "duration": 0,
      "currentRetry": 0,
      "speed": "fast",
      "err": {}
    },
    {
      "title": "Fist individual dominates",
      "fullTitle": "Dominance comparator Fist individual dominates",
      "file": "/Users/dimitrist/Documents/git/syntest-core/packages/core/test/search/operators/DominanceComparator.test.ts",
      "duration": 1,
      "currentRetry": 0,
      "speed": "fast",
      "err": {}
    },
    {
      "title": "Second individual dominates",
      "fullTitle": "Dominance comparator Second individual dominates",
      "file": "/Users/dimitrist/Documents/git/syntest-core/packages/core/test/search/operators/DominanceComparator.test.ts",
      "duration": 0,
      "currentRetry": 0,
      "speed": "fast",
      "err": {}
    },
    {
      "title": "None dominates with two objectives",
      "fullTitle": "Dominance comparator None dominates with two objectives",
      "file": "/Users/dimitrist/Documents/git/syntest-core/packages/core/test/search/operators/DominanceComparator.test.ts",
      "duration": 0,
      "currentRetry": 0,
      "speed": "fast",
      "err": {}
    },
    {
      "title": "None dominates with three objective",
      "fullTitle": "Dominance comparator None dominates with three objective",
      "file": "/Users/dimitrist/Documents/git/syntest-core/packages/core/test/search/operators/DominanceComparator.test.ts",
      "duration": 0,
      "currentRetry": 0,
      "speed": "fast",
      "err": {}
    },
    {
      "title": "Sort three solutions",
      "fullTitle": "Fast non-dominated sorting Sort three solutions",
      "file": "/Users/dimitrist/Documents/git/syntest-core/packages/core/test/search/operators/FasNonDomSorting.test.ts",
      "duration": 0,
      "currentRetry": 0,
      "speed": "fast",
      "err": {}
    },
    {
      "title": "Small Tournament size",
      "fullTitle": "Tournament selection Small Tournament size",
      "file": "/Users/dimitrist/Documents/git/syntest-core/packages/core/test/search/operators/TournamentSelection.test.ts",
      "duration": 0,
      "currentRetry": 0,
      "speed": "fast",
      "err": {}
    },
    {
      "title": "Comparison by rank",
      "fullTitle": "Tournament selection Comparison by rank",
      "file": "/Users/dimitrist/Documents/git/syntest-core/packages/core/test/search/operators/TournamentSelection.test.ts",
      "duration": 1,
      "currentRetry": 0,
      "speed": "fast",
      "err": {}
    },
    {
      "title": "Comparison by crowding distance",
      "fullTitle": "Tournament selection Comparison by crowding distance",
      "file": "/Users/dimitrist/Documents/git/syntest-core/packages/core/test/search/operators/TournamentSelection.test.ts",
      "duration": 0,
      "currentRetry": 0,
      "speed": "fast",
      "err": {}
    },
    {
      "title": "Gaussian random variables follow a gaussian distribution",
      "fullTitle": "PRNG Gaussian random variables follow a gaussian distribution",
      "file": "/Users/dimitrist/Documents/git/syntest-core/packages/core/test/util/prng.test.ts",
      "duration": 24,
      "currentRetry": 0,
      "speed": "fast",
      "err": {}
    }
  ]
}
